[2020-04-0912:42:22 AM-connectionpool.py-DEBUG:Starting new HTTP connection (1): www.github.com:80]
[2020-04-0912:42:22 AM-begin.py-ERROR:无法连接主机]
[2020-04-0912:42:22 AM-begin.py-ERROR:ConnectionResetError: [WinError 10054] 远程主机强迫关闭了一个现有的连接。]
[2020-04-0912:52:40 AM-connectionpool.py-DEBUG:Starting new HTTP connection (1): www.github.com:80]
[2020-04-0912:52:40 AM-begin.py-ERROR:无法连接主机]
[2020-04-0912:52:40 AM-begin.py-ERROR:ConnectionResetError: [WinError 10054] 远程主机强迫关闭了一个现有的连接。]
[2020-04-0912:52:50 AM-connectionpool.py-DEBUG:Starting new HTTP connection (1): www.github.com:80]
[2020-04-0912:52:51 AM-begin.py-ERROR:无法连接主机]
[2020-04-0912:52:51 AM-begin.py-ERROR:ConnectionResetError: [WinError 10054] 远程主机强迫关闭了一个现有的连接。]
[2020-04-0902:35:23 AM-connectionpool.py-DEBUG:Starting new HTTP connection (1): www.github.com:80]
[2020-04-0902:35:23 AM-begin.py-ERROR:无法连接主机]
[2020-04-0902:35:24 AM-begin.py-ERROR:ConnectionResetError: [WinError 10054] 远程主机强迫关闭了一个现有的连接。]
[2020-04-0908:53:41 AM-connectionpool.py-DEBUG:Starting new HTTP connection (1): www.github.com:80]
[2020-04-0908:53:42 AM-connectionpool.py-DEBUG:http://www.github.com:80 "GET /TheAlgorithms/Java/archive/master.zip HTTP/1.1" 301 0]
[2020-04-0908:53:42 AM-connectionpool.py-DEBUG:Starting new HTTPS connection (1): www.github.com:443]
[2020-04-0908:53:42 AM-connectionpool.py-DEBUG:https://www.github.com:443 "GET /TheAlgorithms/Java/archive/master.zip HTTP/1.1" 301 0]
[2020-04-0908:53:42 AM-connectionpool.py-DEBUG:Starting new HTTPS connection (1): github.com:443]
[2020-04-0908:53:43 AM-connectionpool.py-DEBUG:https://github.com:443 "GET /TheAlgorithms/Java/archive/master.zip HTTP/1.1" 302 123]
[2020-04-0908:53:43 AM-connectionpool.py-DEBUG:Starting new HTTPS connection (1): codeload.github.com:443]
[2020-04-0908:53:44 AM-connectionpool.py-DEBUG:https://codeload.github.com:443 "GET /TheAlgorithms/Java/zip/master HTTP/1.1" 200 None]
[2020-04-0908:57:50 AM-connectionpool.py-DEBUG:Starting new HTTP connection (1): www.github.com:80]
[2020-04-0908:57:50 AM-connectionpool.py-DEBUG:http://www.github.com:80 "GET /TheAlgorithms/Java/archive/master.zip HTTP/1.1" 301 0]
[2020-04-0908:57:50 AM-connectionpool.py-DEBUG:Starting new HTTPS connection (1): www.github.com:443]
[2020-04-0908:57:51 AM-connectionpool.py-DEBUG:https://www.github.com:443 "GET /TheAlgorithms/Java/archive/master.zip HTTP/1.1" 301 0]
[2020-04-0908:57:51 AM-connectionpool.py-DEBUG:Starting new HTTPS connection (1): github.com:443]
[2020-04-0908:57:51 AM-connectionpool.py-DEBUG:https://github.com:443 "GET /TheAlgorithms/Java/archive/master.zip HTTP/1.1" 302 123]
[2020-04-0908:57:51 AM-connectionpool.py-DEBUG:Starting new HTTPS connection (1): codeload.github.com:443]
[2020-04-0908:57:52 AM-connectionpool.py-DEBUG:https://codeload.github.com:443 "GET /TheAlgorithms/Java/zip/master HTTP/1.1" 200 None]
[2020-04-0908:57:53 AM-begin.py-ERROR:ConnectionResetError: [WinError 10054] 远程主机强迫关闭了一个现有的连接。]
[2020-04-0909:28:04 AM-connectionpool.py-DEBUG:Starting new HTTP connection (1): www.github.com:80]
[2020-04-0909:28:04 AM-begin.py-ERROR:无法连接主机]
[2020-04-0909:28:29 AM-connectionpool.py-DEBUG:Starting new HTTP connection (1): www.github.com:80]
[2020-04-0909:28:29 AM-begin.py-ERROR:无法连接主机]
[2020-04-1703:37:48 AM-connectionpool.py-DEBUG:Starting new HTTPS connection (1): cdn.boyfriendtv.com:443]
[2020-04-1703:38:02 AM-begin.py-ERROR:无法连接主机]
[2020-04-1703:38:17 AM-begin.py-ERROR:ConnectionResetError: [WinError 10054] 远程主机强迫关闭了一个现有的连接。]
